[0506/141901.594:INFO:CONSOLE(82)] "Google Maps JavaScript API error: ApiTargetBlockedMapError
https://developers.google.com/maps/documentation/javascript/error-messages#api-target-blocked-map-error", source: https://maps.googleapis.com/maps/api/js?key=AIzaSyDeLKairWJQj4083je1h-J6J23aggAgBo4&callback=initMap (82)
[0506/141901.622:INFO:CONSOLE(218)] "Uncaught (in promise) TypeError: Cannot read property 'addEventListener' of undefined", source: https://maps.googleapis.com/maps/api/js?key=AIzaSyDeLKairWJQj4083je1h-J6J23aggAgBo4&callback=initMap (218)
[0506/141908.912:INFO:CONSOLE(22)] "Here I am !!!", source: https://cn1app/streams/1 (22)
[0506/142425.206:INFO:CONSOLE(82)] "You must enable Billing on the Google Cloud Project at https://console.cloud.google.com/project/_/billing/enable Learn more at https://developers.google.com/maps/gmp-get-started", source: https://maps.googleapis.com/maps/api/js?key=AIzaSyAM6hBJIe9C4K0UcegqEjf6O0psKXNGcQU&callback=initMap (82)
[0506/142432.090:INFO:CONSOLE(22)] "Here I am !!!", source: https://cn1app/streams/1 (22)
[0506/142445.794:INFO:CONSOLE(22)] "Adding path as json with: [{"pathStrokeColor":0, "pathStrokeWidth":1}, {"lat":42.63457665021003, "lon": -88.26689751122892}, {"lat":-33.866, "lon": 151.195}, {"lat":-18.142, "lon": 178.431}, {"lat":21.291, "lon": -157.821}, {"lat":37.423, "lon": -122.091}]", source: https://cn1app/streams/1 (22)
[0506/142445.794:INFO:CONSOLE(22)] "Inside ready now", source: https://cn1app/streams/1 (22)
[0506/142445.795:INFO:CONSOLE(22)] "Stroke color is: #000000", source: https://cn1app/streams/1 (22)
[0506/142447.282:INFO:CONSOLE(22)] "Adding path as json with: [{"pathStrokeColor":0, "pathStrokeWidth":1}, {"lat":42.63457665021003, "lon": -88.26689751122892}, {"lat":-33.866, "lon": 151.195}, {"lat":-18.142, "lon": 178.431}, {"lat":21.291, "lon": -157.821}, {"lat":37.423, "lon": -122.091}]", source: https://cn1app/streams/1 (22)
[0506/142447.282:INFO:CONSOLE(22)] "Inside ready now", source: https://cn1app/streams/1 (22)
[0506/142447.282:INFO:CONSOLE(22)] "Stroke color is: #000000", source: https://cn1app/streams/1 (22)
[0506/142447.478:INFO:CONSOLE(22)] "Adding path as json with: [{"pathStrokeColor":0, "pathStrokeWidth":1}, {"lat":42.63457665021003, "lon": -88.26689751122892}, {"lat":-33.866, "lon": 151.195}, {"lat":-18.142, "lon": 178.431}, {"lat":21.291, "lon": -157.821}, {"lat":37.423, "lon": -122.091}]", source: https://cn1app/streams/1 (22)
[0506/142447.478:INFO:CONSOLE(22)] "Inside ready now", source: https://cn1app/streams/1 (22)
[0506/142447.478:INFO:CONSOLE(22)] "Stroke color is: #000000", source: https://cn1app/streams/1 (22)
[0506/142448.862:INFO:CONSOLE(22)] "Adding path as json with: [{"pathStrokeColor":0, "pathStrokeWidth":1}, {"lat":42.63457665021003, "lon": -88.26689751122892}, {"lat":-33.866, "lon": 151.195}, {"lat":-18.142, "lon": 178.431}, {"lat":21.291, "lon": -157.821}, {"lat":37.423, "lon": -122.091}]", source: https://cn1app/streams/1 (22)
[0506/142448.862:INFO:CONSOLE(22)] "Inside ready now", source: https://cn1app/streams/1 (22)
[0506/142448.862:INFO:CONSOLE(22)] "Stroke color is: #000000", source: https://cn1app/streams/1 (22)
[0506/143145.515:INFO:CONSOLE(82)] "You must enable Billing on the Google Cloud Project at https://console.cloud.google.com/project/_/billing/enable Learn more at https://developers.google.com/maps/gmp-get-started", source: https://maps.googleapis.com/maps/api/js?key=AIzaSyAM6hBJIe9C4K0UcegqEjf6O0psKXNGcQU&callback=initMap (82)
[0506/143153.540:INFO:CONSOLE(22)] "Here I am !!!", source: https://cn1app/streams/1 (22)
[0506/143204.472:INFO:CONSOLE(82)] "You must enable Billing on the Google Cloud Project at https://console.cloud.google.com/project/_/billing/enable Learn more at https://developers.google.com/maps/gmp-get-started", source: https://maps.googleapis.com/maps/api/js?key=AIzaSyAM6hBJIe9C4K0UcegqEjf6O0psKXNGcQU&callback=initMap (82)
[0506/143328.029:INFO:CONSOLE(82)] "Google Maps JavaScript API error: ApiTargetBlockedMapError
https://developers.google.com/maps/documentation/javascript/error-messages#api-target-blocked-map-error", source: https://maps.googleapis.com/maps/api/js?key=AIzaSyDeLKairWJQj4083je1h-J6J23aggAgBo4&callback=initMap (82)
[0506/143328.037:INFO:CONSOLE(218)] "Uncaught (in promise) TypeError: Cannot read property 'addEventListener' of undefined", source: https://maps.googleapis.com/maps/api/js?key=AIzaSyDeLKairWJQj4083je1h-J6J23aggAgBo4&callback=initMap (218)
[0506/143336.134:INFO:CONSOLE(22)] "Here I am !!!", source: https://cn1app/streams/1 (22)
[0506/143421.133:INFO:CONSOLE(82)] "The provided API key is expired.", source: https://maps.googleapis.com/maps/api/js?key=AIzaSyDUdO3T_rz0R3tWUXdXnWfNmqc6rJ0Rl5s&callback=initMap (82)
[0506/143429.182:INFO:CONSOLE(22)] "Here I am !!!", source: https://cn1app/streams/1 (22)
[0506/143601.314:INFO:CONSOLE(82)] "Google Maps JavaScript API error: ExpiredKeyMapError
https://developers.google.com/maps/documentation/javascript/error-messages#expired-key-map-error", source: https://maps.googleapis.com/maps/api/js?key=AIzaSyB_kwVJrUKDdtlFAl7rNtr-T0XD1ydPZZU&callback=initMap (82)
[0506/143601.362:INFO:CONSOLE(218)] "Uncaught (in promise) TypeError: Cannot read property 'addEventListener' of undefined", source: https://maps.googleapis.com/maps/api/js?key=AIzaSyB_kwVJrUKDdtlFAl7rNtr-T0XD1ydPZZU&callback=initMap (218)
[0506/143601.483:WARNING:spdy_session.cc(3365)] Received HEADERS for invalid stream 1
[0506/143754.545:INFO:CONSOLE(82)] "Google Maps JavaScript API error: ExpiredKeyMapError
https://developers.google.com/maps/documentation/javascript/error-messages#expired-key-map-error", source: https://maps.googleapis.com/maps/api/js?key=AIzaSyB_kwVJrUKDdtlFAl7rNtr-T0XD1ydPZZU&callback=initMap (82)
[0506/143754.573:INFO:CONSOLE(218)] "Uncaught (in promise) TypeError: Cannot read property 'addEventListener' of undefined", source: https://maps.googleapis.com/maps/api/js?key=AIzaSyB_kwVJrUKDdtlFAl7rNtr-T0XD1ydPZZU&callback=initMap (218)
[0506/143834.180:INFO:CONSOLE(82)] "You must enable Billing on the Google Cloud Project at https://console.cloud.google.com/project/_/billing/enable Learn more at https://developers.google.com/maps/gmp-get-started", source: https://maps.googleapis.com/maps/api/js?key=AIzaSyAM6hBJIe9C4K0UcegqEjf6O0psKXNGcQU&callback=initMap (82)
[0506/143841.550:INFO:CONSOLE(22)] "Here I am !!!", source: https://cn1app/streams/1 (22)
[0506/144339.838:INFO:CONSOLE(82)] "You must enable Billing on the Google Cloud Project at https://console.cloud.google.com/project/_/billing/enable Learn more at https://developers.google.com/maps/gmp-get-started", source: https://maps.googleapis.com/maps/api/js?key=AIzaSyAM6hBJIe9C4K0UcegqEjf6O0psKXNGcQU&callback=initMap (82)
[0506/144409.221:INFO:CONSOLE(82)] "You must enable Billing on the Google Cloud Project at https://console.cloud.google.com/project/_/billing/enable Learn more at https://developers.google.com/maps/gmp-get-started", source: https://maps.googleapis.com/maps/api/js?key=AIzaSyAM6hBJIe9C4K0UcegqEjf6O0psKXNGcQU&callback=initMap (82)
[0506/144417.163:INFO:CONSOLE(22)] "Here I am !!!", source: https://cn1app/streams/1 (22)
[0506/144600.146:INFO:CONSOLE(82)] "You must enable Billing on the Google Cloud Project at https://console.cloud.google.com/project/_/billing/enable Learn more at https://developers.google.com/maps/gmp-get-started", source: https://maps.googleapis.com/maps/api/js?key=AIzaSyAM6hBJIe9C4K0UcegqEjf6O0psKXNGcQU&callback=initMap (82)
[0506/144607.632:INFO:CONSOLE(22)] "Here I am !!!", source: https://cn1app/streams/1 (22)
[0506/144800.646:INFO:CONSOLE(82)] "You must enable Billing on the Google Cloud Project at https://console.cloud.google.com/project/_/billing/enable Learn more at https://developers.google.com/maps/gmp-get-started", source: https://maps.googleapis.com/maps/api/js?key=AIzaSyAM6hBJIe9C4K0UcegqEjf6O0psKXNGcQU&callback=initMap (82)
[0506/144832.916:INFO:CONSOLE(82)] "You must enable Billing on the Google Cloud Project at https://console.cloud.google.com/project/_/billing/enable Learn more at https://developers.google.com/maps/gmp-get-started", source: https://maps.googleapis.com/maps/api/js?key=AIzaSyAM6hBJIe9C4K0UcegqEjf6O0psKXNGcQU&callback=initMap (82)
[0506/144840.445:INFO:CONSOLE(22)] "Here I am !!!", source: https://cn1app/streams/1 (22)
[0506/144923.479:INFO:CONSOLE(22)] "Adding path as json with: [{"pathStrokeColor":0, "pathStrokeWidth":1}, {"lat":-34.0969982888244, "lon": 150.3701361147937}, {"lat":-33.866, "lon": 151.195}, {"lat":-18.142, "lon": 178.431}, {"lat":21.291, "lon": -157.821}, {"lat":37.423, "lon": -122.091}]", source: https://cn1app/streams/1 (22)
[0506/144923.479:INFO:CONSOLE(22)] "Inside ready now", source: https://cn1app/streams/1 (22)
[0506/144923.479:INFO:CONSOLE(22)] "Stroke color is: #000000", source: https://cn1app/streams/1 (22)
[0506/145044.426:INFO:CONSOLE(82)] "You must enable Billing on the Google Cloud Project at https://console.cloud.google.com/project/_/billing/enable Learn more at https://developers.google.com/maps/gmp-get-started", source: https://maps.googleapis.com/maps/api/js?key=AIzaSyAM6hBJIe9C4K0UcegqEjf6O0psKXNGcQU&callback=initMap (82)
[0506/145053.475:INFO:CONSOLE(22)] "Here I am !!!", source: https://cn1app/streams/2 (22)
[0506/145101.979:INFO:CONSOLE(22)] "Adding path as json with: [{"pathStrokeColor":0, "pathStrokeWidth":1}, {"lat":28.86226610926413, "lon": -78.61805721041458}, {"lat":-33.866, "lon": 151.195}, {"lat":-18.142, "lon": 178.431}, {"lat":21.291, "lon": -157.821}, {"lat":37.423, "lon": -122.091}]", source: https://cn1app/streams/2 (22)
[0506/145101.980:INFO:CONSOLE(22)] "Inside ready now", source: https://cn1app/streams/2 (22)
[0506/145101.980:INFO:CONSOLE(22)] "Stroke color is: #000000", source: https://cn1app/streams/2 (22)
[0506/145103.288:INFO:CONSOLE(22)] "Adding path as json with: [{"pathStrokeColor":0, "pathStrokeWidth":1}, {"lat":28.86226610926413, "lon": -78.61805721041458}, {"lat":-33.866, "lon": 151.195}, {"lat":-18.142, "lon": 178.431}, {"lat":21.291, "lon": -157.821}, {"lat":37.423, "lon": -122.091}]", source: https://cn1app/streams/2 (22)
[0506/145103.288:INFO:CONSOLE(22)] "Inside ready now", source: https://cn1app/streams/2 (22)
[0506/145103.288:INFO:CONSOLE(22)] "Stroke color is: #000000", source: https://cn1app/streams/2 (22)
[0506/145104.876:INFO:CONSOLE(22)] "Adding path as json with: [{"pathStrokeColor":0, "pathStrokeWidth":1}, {"lat":28.86226610926413, "lon": -78.61805721041458}, {"lat":-33.866, "lon": 151.195}, {"lat":-18.142, "lon": 178.431}, {"lat":21.291, "lon": -157.821}, {"lat":37.423, "lon": -122.091}]", source: https://cn1app/streams/2 (22)
[0506/145104.876:INFO:CONSOLE(22)] "Inside ready now", source: https://cn1app/streams/2 (22)
[0506/145104.876:INFO:CONSOLE(22)] "Stroke color is: #000000", source: https://cn1app/streams/2 (22)
[0506/145145.638:INFO:CONSOLE(82)] "You must enable Billing on the Google Cloud Project at https://console.cloud.google.com/project/_/billing/enable Learn more at https://developers.google.com/maps/gmp-get-started", source: https://maps.googleapis.com/maps/api/js?key=AIzaSyAM6hBJIe9C4K0UcegqEjf6O0psKXNGcQU&callback=initMap (82)
[0506/145154.569:INFO:CONSOLE(22)] "Here I am !!!", source: https://cn1app/streams/3 (22)
[0506/145337.356:INFO:CONSOLE(82)] "You must enable Billing on the Google Cloud Project at https://console.cloud.google.com/project/_/billing/enable Learn more at https://developers.google.com/maps/gmp-get-started", source: https://maps.googleapis.com/maps/api/js?key=AIzaSyAM6hBJIe9C4K0UcegqEjf6O0psKXNGcQU&callback=initMap (82)
[0506/145344.710:INFO:CONSOLE(22)] "Here I am !!!", source: https://cn1app/streams/1 (22)
[0506/150135.488:INFO:CONSOLE(82)] "You must enable Billing on the Google Cloud Project at https://console.cloud.google.com/project/_/billing/enable Learn more at https://developers.google.com/maps/gmp-get-started", source: https://maps.googleapis.com/maps/api/js?key=AIzaSyAM6hBJIe9C4K0UcegqEjf6O0psKXNGcQU&callback=initMap (82)
[0506/150142.989:INFO:CONSOLE(22)] "Here I am !!!", source: https://cn1app/streams/1 (22)
[0506/150417.281:INFO:CONSOLE(82)] "You must enable Billing on the Google Cloud Project at https://console.cloud.google.com/project/_/billing/enable Learn more at https://developers.google.com/maps/gmp-get-started", source: https://maps.googleapis.com/maps/api/js?key=AIzaSyAM6hBJIe9C4K0UcegqEjf6O0psKXNGcQU&callback=initMap (82)
[0506/150723.570:INFO:CONSOLE(82)] "You must enable Billing on the Google Cloud Project at https://console.cloud.google.com/project/_/billing/enable Learn more at https://developers.google.com/maps/gmp-get-started", source: https://maps.googleapis.com/maps/api/js?key=AIzaSyAM6hBJIe9C4K0UcegqEjf6O0psKXNGcQU&callback=initMap (82)
[0506/150731.156:INFO:CONSOLE(22)] "Here I am !!!", source: https://cn1app/streams/1 (22)
[0506/152049.110:INFO:CONSOLE(82)] "You must enable Billing on the Google Cloud Project at https://console.cloud.google.com/project/_/billing/enable Learn more at https://developers.google.com/maps/gmp-get-started", source: https://maps.googleapis.com/maps/api/js?key=AIzaSyAM6hBJIe9C4K0UcegqEjf6O0psKXNGcQU&callback=initMap (82)
[0506/152056.701:INFO:CONSOLE(22)] "Here I am !!!", source: https://cn1app/streams/1 (22)
[0506/152546.663:INFO:CONSOLE(82)] "You must enable Billing on the Google Cloud Project at https://console.cloud.google.com/project/_/billing/enable Learn more at https://developers.google.com/maps/gmp-get-started", source: https://maps.googleapis.com/maps/api/js?key=AIzaSyAM6hBJIe9C4K0UcegqEjf6O0psKXNGcQU&callback=initMap (82)
[0506/152839.755:INFO:CONSOLE(82)] "You must enable Billing on the Google Cloud Project at https://console.cloud.google.com/project/_/billing/enable Learn more at https://developers.google.com/maps/gmp-get-started", source: https://maps.googleapis.com/maps/api/js?key=AIzaSyAM6hBJIe9C4K0UcegqEjf6O0psKXNGcQU&callback=initMap (82)
[0506/152847.235:INFO:CONSOLE(22)] "Here I am !!!", source: https://cn1app/streams/1 (22)
[0506/153611.386:INFO:CONSOLE(82)] "You must enable Billing on the Google Cloud Project at https://console.cloud.google.com/project/_/billing/enable Learn more at https://developers.google.com/maps/gmp-get-started", source: https://maps.googleapis.com/maps/api/js?key=AIzaSyAM6hBJIe9C4K0UcegqEjf6O0psKXNGcQU&callback=initMap (82)
[0506/153618.820:INFO:CONSOLE(22)] "Here I am !!!", source: https://cn1app/streams/1 (22)
[0506/153926.116:INFO:CONSOLE(82)] "Google Maps JavaScript API error: RefererNotAllowedMapError
https://developers.google.com/maps/documentation/javascript/error-messages#referer-not-allowed-map-error
Your site URL to be authorized: https://cn1app/streams/1", source: https://maps.googleapis.com/maps/api/js?key=AIzaSyDeLKairWJQj4083je1h-J6J23aggAgBo4&callback=initMap (82)
[0506/153926.132:INFO:CONSOLE(218)] "Uncaught (in promise) TypeError: Cannot read property 'addEventListener' of undefined", source: https://maps.googleapis.com/maps/api/js?key=AIzaSyDeLKairWJQj4083je1h-J6J23aggAgBo4&callback=initMap (218)
[0506/153933.552:INFO:CONSOLE(22)] "Here I am !!!", source: https://cn1app/streams/1 (22)
[0506/154045.107:INFO:CONSOLE(82)] "You must enable Billing on the Google Cloud Project at https://console.cloud.google.com/project/_/billing/enable Learn more at https://developers.google.com/maps/gmp-get-started", source: https://maps.googleapis.com/maps/api/js?key=AIzaSyAM6hBJIe9C4K0UcegqEjf6O0psKXNGcQU&callback=initMap (82)
[0506/154052.519:INFO:CONSOLE(22)] "Here I am !!!", source: https://cn1app/streams/1 (22)
[0507/230451.763:INFO:CONSOLE(82)] "You must enable Billing on the Google Cloud Project at https://console.cloud.google.com/project/_/billing/enable Learn more at https://developers.google.com/maps/gmp-get-started", source: https://maps.googleapis.com/maps/api/js?key=AIzaSyAM6hBJIe9C4K0UcegqEjf6O0psKXNGcQU&callback=initMap (82)
[0507/230458.799:INFO:CONSOLE(22)] "Here I am !!!", source: https://cn1app/streams/1 (22)
[0507/230619.827:INFO:CONSOLE(82)] "You must enable Billing on the Google Cloud Project at https://console.cloud.google.com/project/_/billing/enable Learn more at https://developers.google.com/maps/gmp-get-started", source: https://maps.googleapis.com/maps/api/js?key=AIzaSyAM6hBJIe9C4K0UcegqEjf6O0psKXNGcQU&callback=initMap (82)
[0507/230627.233:INFO:CONSOLE(22)] "Here I am !!!", source: https://cn1app/streams/1 (22)
[0507/230855.429:INFO:CONSOLE(82)] "You must enable Billing on the Google Cloud Project at https://console.cloud.google.com/project/_/billing/enable Learn more at https://developers.google.com/maps/gmp-get-started", source: https://maps.googleapis.com/maps/api/js?key=AIzaSyAM6hBJIe9C4K0UcegqEjf6O0psKXNGcQU&callback=initMap (82)
[0507/230900.515:INFO:CONSOLE(22)] "Here I am !!!", source: https://cn1app/streams/1 (22)
[0507/230945.709:INFO:CONSOLE(82)] "You must enable Billing on the Google Cloud Project at https://console.cloud.google.com/project/_/billing/enable Learn more at https://developers.google.com/maps/gmp-get-started", source: https://maps.googleapis.com/maps/api/js?key=AIzaSyAM6hBJIe9C4K0UcegqEjf6O0psKXNGcQU&callback=initMap (82)
[0507/230950.954:INFO:CONSOLE(22)] "Here I am !!!", source: https://cn1app/streams/1 (22)
[0507/231943.503:INFO:CONSOLE(82)] "You must enable Billing on the Google Cloud Project at https://console.cloud.google.com/project/_/billing/enable Learn more at https://developers.google.com/maps/gmp-get-started", source: https://maps.googleapis.com/maps/api/js?key=AIzaSyAM6hBJIe9C4K0UcegqEjf6O0psKXNGcQU&callback=initMap (82)
[0507/231950.756:INFO:CONSOLE(22)] "Here I am !!!", source: https://cn1app/streams/1 (22)
[0507/235507.137:INFO:CONSOLE(82)] "You must enable Billing on the Google Cloud Project at https://console.cloud.google.com/project/_/billing/enable Learn more at https://developers.google.com/maps/gmp-get-started", source: https://maps.googleapis.com/maps/api/js?key=AIzaSyAM6hBJIe9C4K0UcegqEjf6O0psKXNGcQU&callback=initMap (82)
[0507/235513.772:INFO:CONSOLE(22)] "Here I am !!!", source: https://cn1app/streams/1 (22)
[0507/235759.804:INFO:CONSOLE(82)] "You must enable Billing on the Google Cloud Project at https://console.cloud.google.com/project/_/billing/enable Learn more at https://developers.google.com/maps/gmp-get-started", source: https://maps.googleapis.com/maps/api/js?key=AIzaSyAM6hBJIe9C4K0UcegqEjf6O0psKXNGcQU&callback=initMap (82)
[0507/235804.923:INFO:CONSOLE(22)] "Here I am !!!", source: https://cn1app/streams/1 (22)
[0510/185529.472:INFO:CONSOLE(22)] "Here I am !!!", source: https://cn1app/streams/1 (22)
[0510/185531.007:INFO:CONSOLE(82)] "You must enable Billing on the Google Cloud Project at https://console.cloud.google.com/project/_/billing/enable Learn more at https://developers.google.com/maps/gmp-get-started", source: https://maps.googleapis.com/maps/api/js?key=AIzaSyAM6hBJIe9C4K0UcegqEjf6O0psKXNGcQU&callback=initMap (82)
[0510/190131.404:INFO:CONSOLE(82)] "You must enable Billing on the Google Cloud Project at https://console.cloud.google.com/project/_/billing/enable Learn more at https://developers.google.com/maps/gmp-get-started", source: https://maps.googleapis.com/maps/api/js?key=AIzaSyAM6hBJIe9C4K0UcegqEjf6O0psKXNGcQU&callback=initMap (82)
[0510/190131.598:INFO:CONSOLE(22)] "Here I am !!!", source: https://cn1app/streams/1 (22)
[0510/190551.792:INFO:CONSOLE(22)] "Here I am !!!", source: https://cn1app/streams/1 (22)
[0510/190552.145:INFO:CONSOLE(82)] "You must enable Billing on the Google Cloud Project at https://console.cloud.google.com/project/_/billing/enable Learn more at https://developers.google.com/maps/gmp-get-started", source: https://maps.googleapis.com/maps/api/js?key=AIzaSyAM6hBJIe9C4K0UcegqEjf6O0psKXNGcQU&callback=initMap (82)
[0511/132631.406:INFO:CONSOLE(82)] "You must enable Billing on the Google Cloud Project at https://console.cloud.google.com/project/_/billing/enable Learn more at https://developers.google.com/maps/gmp-get-started", source: https://maps.googleapis.com/maps/api/js?key=AIzaSyAM6hBJIe9C4K0UcegqEjf6O0psKXNGcQU&callback=initMap (82)
[0511/132638.486:INFO:CONSOLE(22)] "Here I am !!!", source: https://cn1app/streams/1 (22)
[0511/133033.635:INFO:CONSOLE(82)] "You must enable Billing on the Google Cloud Project at https://console.cloud.google.com/project/_/billing/enable Learn more at https://developers.google.com/maps/gmp-get-started", source: https://maps.googleapis.com/maps/api/js?key=AIzaSyAM6hBJIe9C4K0UcegqEjf6O0psKXNGcQU&callback=initMap (82)
[0511/133041.015:INFO:CONSOLE(22)] "Here I am !!!", source: https://cn1app/streams/1 (22)
